# JRE version: OpenJDK Runtime Environment (11.0.1+13) (build 11.0.1+13)
# Java VM: OpenJDK 64-Bit Server VM (11.0.1+13, mixed mode, tiered, compressed oops, g1 gc, windows-amd64)
Heap:
 garbage-first heap   total 260096K, used 47694K [0x0000000702800000, 0x0000000800000000)
  region size 1024K, 43 young (44032K), 7 survivors (7168K)
 Metaspace       used 39718K, capacity 40928K, committed 41260K, reserved 1085440K
  class space    used 4906K, capacity 5408K, committed 5504K, reserved 1048576K
GC Heap History (10 events):
Event: 2.114 GC heap before
{Heap before GC invocations=0 (full 0):
 garbage-first heap   total 260096K, used 23552K [0x0000000702800000, 0x0000000800000000)
  region size 1024K, 24 young (24576K), 0 survivors (0K)
 Metaspace       used 15138K, capacity 15545K, committed 15616K, reserved 1062912K
  class space    used 1642K, capacity 1780K, committed 1792K, reserved 1048576K
}
Event: 2.118 GC heap after
{Heap after GC invocations=1 (full 0):
 garbage-first heap   total 260096K, used 5215K [0x0000000702800000, 0x0000000800000000)
  region size 1024K, 3 young (3072K), 3 survivors (3072K)
 Metaspace       used 15138K, capacity 15545K, committed 15616K, reserved 1062912K
  class space    used 1642K, capacity 1780K, committed 1792K, reserved 1048576K
}
Event: 2.315 GC heap before
{Heap before GC invocations=1 (full 0):
 garbage-first heap   total 260096K, used 18527K [0x0000000702800000, 0x0000000800000000)
  region size 1024K, 16 young (16384K), 3 survivors (3072K)
 Metaspace       used 17814K, capacity 18325K, committed 18688K, reserved 1064960K
  class space    used 1982K, capacity 2182K, committed 2304K, reserved 1048576K
}
Event: 2.318 GC heap after
{Heap after GC invocations=2 (full 0):
 garbage-first heap   total 260096K, used 6066K [0x0000000702800000, 0x0000000800000000)
  region size 1024K, 1 young (1024K), 1 survivors (1024K)
 Metaspace       used 17814K, capacity 18325K, committed 18688K, reserved 1064960K
  class space    used 1982K, capacity 2182K, committed 2304K, reserved 1048576K
}
Event: 2.477 GC heap before
{Heap before GC invocations=2 (full 0):
 garbage-first heap   total 260096K, used 21426K [0x0000000702800000, 0x0000000800000000)
  region size 1024K, 18 young (18432K), 1 survivors (1024K)
 Metaspace       used 20471K, capacity 21022K, committed 21248K, reserved 1069056K
  class space    used 2364K, capacity 2549K, committed 2560K, reserved 1048576K
}
Event: 2.479 GC heap after
{Heap after GC invocations=3 (full 0):
 garbage-first heap   total 260096K, used 6722K [0x0000000702800000, 0x0000000800000000)
  region size 1024K, 2 young (2048K), 2 survivors (2048K)
 Metaspace       used 20471K, capacity 21022K, committed 21248K, reserved 1069056K
  class space    used 2364K, capacity 2549K, committed 2560K, reserved 1048576K
}
Event: 3.292 GC heap before
{Heap before GC invocations=4 (full 0):
 garbage-first heap   total 260096K, used 65090K [0x0000000702800000, 0x0000000800000000)
  region size 1024K, 60 young (61440K), 2 survivors (2048K)
 Metaspace       used 28357K, capacity 29198K, committed 29440K, reserved 1075200K
  class space    used 3451K, capacity 3796K, committed 3840K, reserved 1048576K
}
Event: 3.296 GC heap after
{Heap after GC invocations=5 (full 0):
 garbage-first heap   total 260096K, used 9170K [0x0000000702800000, 0x0000000800000000)
  region size 1024K, 4 young (4096K), 4 survivors (4096K)
 Metaspace       used 28357K, capacity 29198K, committed 29440K, reserved 1075200K
  class space    used 3451K, capacity 3796K, committed 3840K, reserved 1048576K
}
Event: 3.843 GC heap before
{Heap before GC invocations=5 (full 0):
 garbage-first heap   total 260096K, used 51154K [0x0000000702800000, 0x0000000800000000)
  region size 1024K, 46 young (47104K), 4 survivors (4096K)
 Metaspace       used 34391K, capacity 35451K, committed 35628K, reserved 1081344K
  class space    used 4218K, capacity 4656K, committed 4736K, reserved 1048576K
}
Event: 3.850 GC heap after
{Heap after GC invocations=6 (full 0):
 garbage-first heap   total 260096K, used 11854K [0x0000000702800000, 0x0000000800000000)
  region size 1024K, 7 young (7168K), 7 survivors (7168K)
 Metaspace       used 34391K, capacity 35451K, committed 35628K, reserved 1081344K
  class space    used 4218K, capacity 4656K, committed 4736K, reserved 1048576K
}

